26 2735 7140 2742 1518 9524 607 3940 1211 1299 8830 1513 8153 3777 9029 558 6551 9091 8997 2726 9340 5456 6685 6107 6348 9336 7223
26 1992 5237 5540 1580 4297 7232 5422 1587 4503 3904 5567 4159 2052 2011 5385 7635 2365 6471 6791 5194 1736 2144 1764 6509 7146 7175
31 3090 8630 4455 9830 7683 2352 1046 6698 7837 1872 6582 2444 6374 7935 8961 3016 7094 2584 6561 2485 404 6823 5943 3835 2870 8441 1249 8089 9918 5631 9317
14 4829 984 1248 4266 8760 4264 8383 5878 1850 6552 6859 333 7945 5478
30 6403 1949 6336 7808 3901 8407 9611 897 7120 7525 4043 7488 3873 2190 7063 8427 1828 6299 8852 6542 1505 5528 5893 8389 5207 360 6080 944 7349 6479
16 5440 3249 9274 5090 6503 2927 4595 2954 6197 10 2710 103 1342 6636 3088 5616
8 6689 4536 5698 8338 3375 2250 5091 9569
30 9187 7846 6327 2577 6244 7387 2095 4775 6681 3269 6378 126 7189 1989 2682 4039 2459 8651 625 7470 191 2310 2373 7348 662 5435 3035 5973 4281 6111
26 3743 8848 8351 5663 1634 5287 553 8953 3851 3271 4472 4964 3392 7782 1119 5103 1821 1594 6444 5814 6007 9351 7950 5939 3971 4077
28 1664 9920 1223 1500 8059 6638 6399 1644 2415 8857 4711 9983 3997 294 4789 4730 5851 6145 7511 7519 4837 8919 9622 8611 4 2243 2750 6419
11 2247 7180 206 3833 895 8306 6521 1760 6257 955 7058
23 2316 6745 5756 9570 3746 377 3986 6908 6171 283 153 2229 3342 4238 2420 2801 9739 4067 3998 2450 6999 443 1015
24 9679 696 873 412 7807 5537 5220 7265 6325 4722 765 4382 4765 6796 5095 4728 5623 4697 1909 2363 8337 391 840 2410
34 1560 3826 8832 4285 3566 9617 2661 1109 546 7103 509 4224 1875 9722 3501 2634 6231 6240 2756 7893 2994 8469 5401 6049 6690 885 6500 6295 8100 9854 3517 5373 4614 1547
21 1209 666 6659 4278 7474 1679 8511 9139 7672 613 5530 9261 9584 2028 2168 7095 9148 2703 2683 8280 5147
9 1724 1852 6255 2036 4704 1487 3393 7812 2053
33 1815 5654 4980 9680 1460 5495 6313 4888 2388 5021 4209 2498 1302 819 7328 9605 7032 7925 9825 238 4316 6564 3131 5568 6411 731 4783 7618 6589 6664 9773 980 8949
18 8184 1977 7805 3843 8373 9436 7560 9780 8006 2619 1085 2643 8567 5170 9280 188 6518 2597
30 1735 3196 1869 7870 3972 4652 7912 5701 2667 4879 4653 2907 4470 9082 6298 9899 496 1434 2364 4131 974 5831 9119 8888 8607 6084 5977 3069 526 3386
8 445 4959 8573 306 4811 2073 4057 6665
30 541 1773 442 9549 3537 2653 2362 9962 8945 808 9574 1756 7879 3473 3841 7397 7330 2381 3355 2617 9142 123 5450 8142 7559 8090 4424 6522 1699 7093
24 920 4781 9316 6409 2470 9737 8667 1568 6519 8988 8058 2452 7790 2978 2950 8010 7815 9404 5871 5703 9772 762 4220 6889
31 9675 5858 8309 5626 9712 9429 7263 8151 9833 8023 779 1810 4718 9247 1870 4044 3351 1266 3973 6225 3018 1317 9501 2120 6621 4218 1486 7670 8238 1055 4650
30 5300 7028 4255 4666 9118 8037 9561 4355 2206 3421 1541 5804 9498 8549 9447 8347 875 2403 9096 309 3467 1916 836 5669 5949 3126 2185 1865 1258 4133
30 5299 1637 7224 4246 5668 3370 6216 4593 3439 8028 9160 9205 3962 9428 2567 4026 4847 2832 7258 6599 450 3019 6315 259 3305 1809 4210 8123 1962 5672
23 1335 9935 1002 3685 1846 5442 9113 9547 6733 4368 227 2124 7835 6287 1694 3923 5439 6693 1195 3110 8717 3644 7441
27 3549 3409 1142 9104 7884 2207 7256 9159 4227 9288 3466 3227 3163 3221 2447 9422 1819 1703 5505 1467 4097 3914 973 2993 7311 9334 8374
25 2920 8965 6910 5849 3912 1053 6174 5183 9653 4312 1099 7919 5129 5560 8365 4180 349 3819 9759 4474 4918 4277 8424 2238 954
34 7499 3333 6068 3866 2440 6392 146 5724 2602 6331 76 2515 724 2501 2715 9583 3152 5785 6860 9085 5259 6071 9715 3268 3977 1788 1662 3322 9069 1579 1277 7539 7335 12
27 5324 2589 530 284 5303 8173 2368 2525 5514 1198 275 3077 894 7904 2587 1934 968 917 7299 3695 9587 7158 4991 2806 1599 635 7467
14 6466 9820 499 9754 9919 8471 723 8975 6371 9840 9350 9639 6258 9829
35 8189 7768 7572 3554 6454 4139 85 9381 8485 1896 5933 3570 8291 405 800 8027 9866 9725 3568 6928 3301 7584 651 9063 4556 8084 3448 2457 5728 2113 2158 6853 5629 1336 8185
26 3667 7082 4502 9575 8768 633 7425 3429 408 6953 510 999 1502 5389 8922 9978 7128 3634 4963 3192 3277 1379 2886 1095 3417 8666
12 3321 9021 2800 6797 1749 6249 3143 5533 9909 270 8685 3812
31 2327 166 1955 4703 5719 4587 2781 3775 5400 9652 1271 9106 7647 3075 8416 278 7260 6609 6790 3142 7923 337 5330 5531 1149 2193 5833 3853 1928 8260 7986
16 610 9974 5748 9254 4411 9750 5252 602 9873 8488 2249 587 3727 3934 7161 9329
3 1993 1192 7678
27 6456 945 6765 9562 2731 1281 2979 1937 8500 9438 5901 5031 7757 4135 8415 3438 4076 4436 7431 8473 8623 7409 7917 4962 2294 9940 8910
13 9581 2899 2495 640 7152 853 9062 7903 3173 7490 9420 9658 7206
22 2008 4511 3381 7962 3707 2903 1075 6712 551 5796 5468 3944 8626 139 5022 4726 3237 914 2353 3975 3033 4725
30 6724 864 9286 6563 7092 5766 8094 674 5116 8659 8926 501 5210 3222 6604 9748 8317 3659 5114 4738 9358 7523 7708 4413 1375 7136 3115 1400 998 8331
12 6961 4885 3368 1186 8236 6809 2304 8353 3974 833 8662 9377
18 568 1984 6200 9657 8194 380 4213 6882 1193 9881 5201 2 9023 1914 7353 3967 4100 3491
30 24 739 9666 7574 2934 4940 3169 5382 9950 8103 8743 7817 5715 8627 1781 9783 7354 3178 2911 9468 6017 2588 5822 5722 7426 5316 1473 4883 9184 1892
33 1005 9463 3017 9557 3701 161 8228 2675 934 3621 1692 9319 7987 6921 7009 2116 8361 3395 8697 8234 4932 6555 6640 5946 7780 8755 5595 7781 4731 4540 3559 797 7115
29 8329 5491 6296 7243 1723 1667 3366 7276 444 3657 2547 3496 4394 4851 3465 171 2311 6802 5605 2325 3382 7695 9161 3431 4972 4390 6 1020 3969
20 2384 1411 1187 1632 9122 7607 5365 4375 466 7776 5051 3415 7074 4927 4393 9290 1730 8267 3586 7404
34 2135 8290 5377 3842 5503 751 5866 1152 993 4045 8617 7984 7415 1338 8134 4248 1771 282 7021 1197 6692 5734 7520 4567 8678 7305 1812 8174 6358 5930 5515 9956 1966 2172
14 2061 7020 2074 7444 9708 2063 6516 148 1074 1437 4311 8087 7589 1006
30 9619 8302 4624 6645 8529 6484 4449 8952 9230 6982 8646 4173 1933 5136 1116 331 9856 2071 3336 8634 1445 791 6368 3715 4501 2830 9568 818 4145 8638
12 1315 1605 4233 8448 3616 8368 3818 952 7746 7629 6190 3224
6 1138 9864 8088 5653 5857 8321
23 9976 9405 5466 5562 2769 2636 279 2956 2299 545 4997 6578 1666 4110 3485 440 5884 371 2321 4418 794 1202 4900
22 9913 5954 4481 1886 3530 5782 9015 1037 3516 5339 1600 9373 5735 3954 8392 623 4901 1254 9938 2785 1288 3032
15 9003 8932 6004 2717 2110 9303 7763 8605 7992 1549 9637 1210 758 4178 3042
29 9409 6139 2143 9874 7312 506 4450 7778 5632 4832 8749 8903 3919 958 9565 4572 7838 1608 6508 6318 165 4633 1161 9383 4392 5057 1801 6603 2658
24 8773 7940 692 1681 6292 2109 5191 8871 7418 963 1965 8673 1678 3506 5336 5412 8663 5778 2595 6676 9831 8152 3698 5077
32 8292 7287 5049 69 4376 9492 4318 4786 1422 2885 1348 9208 8072 194 1814 8258 1485 261 4166 1259 3897 1172 5800 2987 8501 6489 5470 2610 5395 7537 5312 4891
26 6252 9109 2505 6737 7316 1774 680 4824 385 5552 3661 2054 1719 7852 3217 9453 9713 2204 2879 469 1158 1507 6193 1285 3478 4545
30 6031 7097 3435 5695 3451 4497 3133 485 4800 1364 3761 1264 3174 67 9185 8958 2662 8016 6184 5671 891 1971 3376 4473 8724 2257 8269 598 7731 4127
29 5970 9046 6168 6420 9002 8937 8167 7769 4113 8494 3845 4667 5221 2854 8049 1857 841 4452 2500 8513 3296 5492 5506 756 6958 4994 8454 4719 5376
11 5934 190 5189 6547 8071 2767 3718 5676 5029 2090 5063
12 5018 3245 2230 2399 1777 8110 9564 5405 6243 1067 9921 3733
31 8787 7585 4225 4782 2060 4485 159 4119 7503 7187 6223 6391 754 4093 5565 6137 9704 104 676 8250 9143 9437 5117 3303 5781 7157 4640 6973 679 7836 3380
35 6843 2963 6202 7226 6966 3124 2706 6657 4866 6885 6389 8741 9292 357 5243 3130 5360 5882 3628 5271 9188 7294 5033 8186 1126 4934 9808 8602 7054 274 5494 1540 7533 7825 7783
20 8086 1489 482 1503 5539 3082 6213 8909 4089 3874 8502 6591 8199 2563 3671 9792 5588 6022 8333 6185
16 5343 3176 9815 6498 1693 4709 9044 1836 6568 6423 7126 6229 8839 5547 3043 4120
34 7088 1697 7000 3414 8367 9242 7118 7216 2072 7873 3790 2241 5041 1592 7259 9643 1340 3331 996 5747 829 547 6787 8702 6828 6986 6950 3184 5644 5874 4185 8057 3626 1115
12 3647 6274 3639 2478 3091 7800 8608 7826 3787 8508 1645 5150
22 219 2106 3541 8133 1102 7535 2453 4584 586 5301 3924 6622 7130 5102 7322 1370 4222 4201 8399 62 995 5067
29 8271 9191 1313 830 7994 7096 9265 7445 5915 8801 4072 5133 6772 736 1629 2279 4461 5383 8944 2965 5609 6396 6510 7514 9656 9522 2615 9097 9545
21 8509 9595 6879 8998 6679 1596 9966 33 6144 6592 7803 5459 2671 8765 7617 8 8423 5592 3730 2772 8744
16 9020 5034 9030 2031 4585 9537 7811 6491 5967 7167 9362 3592 5780 3028 6782 8897
27 3239 2006 9078 6069 3116 8176 3290 105 3507 5864 9709 776 1468 5921 4524 5379 8912 7332 2863 87 1044 2946 7413 7719 1898 6840 7667
33 1866 8449 8382 3605 2570 4035 9033 1250 1583 4274 2527 8918 912 5730 4457 9480 1371 1839 6072 7765 5056 2194 1906 5667 4408 6177 2868 2880 8396 7824 9259 3857 6342
27 5161 9246 9805 8521 3938 5234 5135 6639 3669 4147 6800 6140 3210 1047 3847 8855 3511 3397 8248 2295 2183 5843 5013 9016 2336 1953 4321
22 6952 7116 3092 6186 3420 8530 5799 3949 1415 189 4074 774 744 2431 3389 9933 4721 7518 6236 4419 3887 3613
13 6321 1325 8297 8643 5085 6040 8658 1354 7345 2747 1652 4197 5265
28 8559 5875 9806 2216 4101 6886 595 643 4117 1045 8826 6963 8261 8814 3339 8793 262 5315 2707 124 6812 3214 2873 7753 8726 2322 170 5723
20 4495 3951 3068 8464 2651 2900 7135 3770 4195 2290 3230 446 5846 7184 8168 6079 8363 2876 8122 939
20 3030 5393 2539 8554 2635 7628 5642 7684 589 8733 8859 8756 2798 314 7288 3797 2698 8221 7185 8069
25 3471 6558 4848 935 9180 1537 1942 4871 4937 6548 3300 4890 8841 8872 8936 8845 6760 5026 3653 5740 5203 6330 7954 707 438
18 3281 7512 3786 8803 6141 6078 4371 7761 7829 716 544 2557 6463 5883 5460 1677 321 5543
22 7862 9636 5628 4636 9624 8603 1428 5004 9278 21 813 5152 6773 5337 7469 6014 9791 7350 4570 2604 910 3688
22 9283 5358 8462 6718 7690 8955 7386 5660 8984 8214 5709 2359 3508 1444 3764 291 6653 5176 1882 4298 5659 1562
30 1833 6199 481 3050 1627 5674 2817 3122 3829 2397 402 4358 1591 2284 6738 7875 8771 8496 9529 6899 1092 7981 810 9010 7974 2326 796 6288 4047 3525
12 6228 6884 4154 6742 152 92 4555 1023 8108 2199 1025 5578
25 2869 5948 1363 5347 6729 646 9035 7010 8257 6218 5526 1709 6363 11 6008 2093 4478 6219 6660 4692 237 8117 4763 3705 7641
11 2356 8425 3291 2264 90 693 7620 3061 6646 7439 9803
30 961 7891 9944 2112 3993 6132 7315 9264 2467 7907 7065 6462 4543 4359 9548 577 5577 7388 2849 4707 7752 2391 4129 3356 9076 6250 70 925 4338 4683
21 4894 5808 7779 6319 1322 4739 1096 569 1270 1691 5961 3048 8836 927 5972 630 6545 4332 7834 7375 5125
11 9550 3325 115 9027 7915 1891 5062 434 8025 8074 6527
14 8670 6793 356 520 7142 3515 5197 269 2211 4778 3713 4192 737 6260
18 7928 8711 867 9433 561 9880 8115 1298 8354 1125 7371 1292 9271 289 3265 3387 3081 7472
31 1515 3640 1995 3602 5477 3270 2937 2930 3326 3531 3228 1466 857 4515 1117 2670 537 8325 600 5518 9672 6394 9250 9007 9660 5239 4908 6546 937 7767 6467
18 7913 3475 1529 9732 3649 5403 4304 7827 5823 1982 5877 4484 6934 8299 8499 296 1923 4156
26 7463 6485 2422 435 4028 9497 6062 2121 355 2042 2923 8051 4454 116 8954 4954 2889 9500 2705 5096 3941 7395 2318 2998 8156 207
30 8703 6150 9869 6818 3906 8854 292 5366 2790 1943 7366 8225 9800 8650 285 7521 8720 9663 7023 9531 8802 5797 1408 6334 8232 1488 2019 3128 5253 2794
31 7861 3276 8978 1994 290 3807 9410 2831 97 6248 2246 1071 2040 473 5675 3416 8920 2633 6431 1011 6957 2824 3800 7452 5776 9434 176 9032 4723 5414 1137
28 8731 9406 874 3717 8940 2654 1475 9031 7532 8150 2614 1790 8883 4881 5140 2214 2672 785 1413 2494 3423 8223 7242 6226 4695 1552 805 2117
20 8878 8274 2916 8609 6251 2292 8987 6864 3135 5391 7016 1224 5349 7538 7652 8621 4155 2195 9973 1545
30 6783 7435 3976 326 8419 9018 572 5409 4872 9822 4068 5619 1702 7552 3808 8437 42 451 5278 5261 5418 5561 2005 3063 6351 3780 2267 7676 2697 6453
7 4008 7810 2915 6473 3036 4007 5982
18 4071 5387 4910 9487 2212 7139 6835 6443 1793 1021 1234 8461 5119 5388 6365 5575 6721 6400
35 9847 1438 3865 5120 3783 9419 5036 1181 9070 5014 2374 4642 2901 3436 5092 8343 7944 9163 1382 9828 2489 4708 9857 7480 3013 5750 3254 1696 2823 3943 302 8654 8777 7937 9472
12 8758 3430 6575 2776 8597 2187 8303 8572 706 7219 7705 3346
31 1305 1228 5369 7876 782 3051 8785 2640 4328 3754 4111 5040 1861 8976 9554 7510 8432 4370 5905 1975 7545 5691 3600 5075 1577 5685 6005 1093 2540 4951 6417
22 303 1113 5636 4088 7883 9538 4021 7636 7988 2122 6156 2526 9299 3428 2017 155 1477 6497 9911 167 6666 8047
14 6381 8262 7347 9462 6025 6459 5793 359 2804 6370 9893 4465 1007 1022
26 6277 5227 3024 1276 8637 1272 4953 6346 1062 5914 6495 4430 3154 7921 1265 1262 538 1442 562 6209 2139 5269 6074 2878 5293 1378
24 563 8973 3261 4347 6094 1539 880 2504 7326 5582 5104 77 2553 1687 2522 1241 6428 5928 6661 3484 2815 5825 3838 9770
30 8477 1492 457 8868 6119 2119 1862 7576 4105 4907 9823 2601 9724 9268 1308 9908 4335 3045 1388 9924 5612 7124 9877 860 4226 5015 3455 8279 8900 6434
28 3629 7612 8548 6360 6749 9620 3732 6871 3784 9731 3247 2648 4689 2958 9785 5372 7570 1065 909 125 5911 5738 7443 3070 1807 6427 6230 4325
33 3607 3294 6455 975 3585 9345 4645 8595 7066 523 1589 9720 5907 9300 2568 6165 1668 214 6415 4621 3682 4351 2222 2932 2562 4294 2354 2752 9599 9726 2819 4445 8211
13 672 3527 7792 47 3319 6969 7191 2797 6268 8843 4685 3341 7713
13 8890 7194 449 96 3186 7022 5916 2481 2298 2608 3480 1619 3284
19 4094 3708 7926 4060 3686 3982 7047 8439 4745 1657 9083 5664 4179 3932 4577 5683 2349 6153 8147
30 4758 1512 3779 119 3740 4764 2673 5951 2884 3867 4353 15 6059 9157 809 9902 2684 5984 2678 184 5028 4422 4578 4864 1798 8866 6614 7310 3928 3588
24 7965 7711 6206 7236 977 241 1565 1725 711 7516 384 4144 2443 1775 5795 8408 192 5736 9648 8082 8561 6016 7042 8217
31 1273 7114 5089 7102 4291 5751 6270 5457 2680 7754 3574 9043 1501 6042 9629 6146 1554 1274 6854 4386 5333 2689 8364 3995 8861 8971 5876 3500 2554 8865 2358
28 5335 6662 6875 9696 1550 6356 5267 7665 1443 9408 6476 9553 2548 3443 688 4810 5157 3832 9352 7225 7658 9746 522 7144 8251 9895 8113 2897
19 3580 2942 4196 7557 8042 7209 9972 2076 6237 1912 7122 628 1059 2902 7391 7356 8569 2529 1134
16 423 1194 5282 507 7682 9186 8478 2723 1708 1858 1969 4916 3440 8311 9484 5244
35 606 6794 4935 7446 4869 1647 5433 4326 3203 1631 7048 1330 865 1199 2345 1236 7999 9028 4262 4360 1885 7449 5938 2655 5420 5987 2175 1056 3040 3273 5455 4861 8384 8375 9304
17 2465 3546 4200 212 8681 3879 7901 5838 1143 3635 243 8895 5044 7039 6626 7784 5370
21 549 3575 7355 6904 2632 1073 8930 5993 6937 7822 9056 5759 705 8341 4996 5110 5410 3665 971 5682 7017
9 2519 8227 1582 4956 7725 8352 7123 9061 5819
24 6912 5008 6596 3925 3293 7062 6264 2186 9802 4334 9904 3096 6204 7313 8706 2827 2460 540 5806 5413 1128 3229 7204 9915
29 8213 5721 933 6615 2105 1331 4400 7679 2977 1328 612 9867 4512 8817 6758 4835 7908 2367 8914 681 3854 2807 4928 2974 4134 9676 4779 4116 2813
14 1332 3459 3403 4107 6173 46 8324 6946 7234 7843 5302 6806 7689 5903
22 7849 8073 1206 5679 1320 4947 8314 8081 6617 1032 9285 4253 7027 8457 6948 6011 6496 9427 13 6099 36 1009
32 394 8629 409 210 1910 9375 7595 9151 4834 1532 6562 5155 3534 3053 1988 5558 6778 7699 3878 2676 5007 848 7199 7473 8315 5068 2392 3662 4684 2259 5524 807
12 5881 328 332 5156 9138 2288 101 5936 1720 9922 948 7487
14 2531 8792 6220 9819 1319 1706 8180 3890 9764 7723 8349 4310 8178 8775
27 6044 1625 8434 4973 8421 6570 5994 8075 7971 6064 9607 6983 4590 7958 4681 8974 9047 5084 8056 1905 299 8790 1014 1205 1951 1805 573
23 6900 7346 5250 5635 1947 9233 7982 53 7786 5427 4576 6929 9518 1070 3504 2594 56 7300 7851 1425 406 5398 2203
29 9698 5112 7372 989 7668 9100 2394 4327 5899 8014 3425 9328 5105 7587 6888 256 9456 9489 7910 3179 5251 16 5817 8592 1514 6246 6492 5499 3279
29 5402 3329 4761 9735 5830 5045 5009 9729 4802 4002 4608 9366 8129 1941 7076 5106 358 3209 793 5078 1575 2719 7845 5429 7087 2069 5873 2677 8622
28 2944 4661 3875 4202 9182 6480 578 5064 4734 4539 4498 2945 9816 733 4423 803 6187 3598 4459 255 8752 9008 6421 7192 4931 5749 5273 9736
8 3008 1530 8040 4558 476 8397 7304 1931
17 6913 3601 2783 4520 6006 6962 4526 2674 6697 3810 345 3464 5617 6964 1751 5894 1573
21 9670 1973 4366 7414 112 4770 7872 2137 6504 3935 4102 2590 4500 6792 242 4183 3094 6035 7235 8674 9849
19 4644 7534 5764 3782 2319 5658 684 1525 8318 5706 4025 4380 2218 603 3558 1938 6955 298 8490
29 9291 5572 7373 7686 8615 4344 382 2760 9333 1783 1471 3747 4564 9755 2646 5165 2542 7970 4609 6095 4581 6224 1225 667 2905 7814 8265 220 1038
22 2429 7104 1208 1416 1420 7543 972 4336 1656 3815 6528 2744 8655 9905 6440 2197 6065 4691 2679 3350 7586 9765
10 2278 7575 1670 2269 2491 7524 4451 7989 557 2208
26 6965 3067 5507 6710 1797 6512 629 1101 7014 2025 235 5608 3072 2414 8656 5479 4032 7892 1877 3694 5839 2361 1204 7405 4363 976
26 4882 2512 825 8348 7916 3418 3062 2395 8610 7037 3645 4330 1031 1688 5919 9099 7100 5741 3595 2188 7374 4402 8080 3064 144 6405
18 7911 9851 5541 7172 3453 1146 884 5053 604 8442 1728 2968 3576 8735 3920 5148 5828 9326
17 9121 5384 6532 6328 7721 3769 8751 4438 1374 1476 1497 9646 4271 9123 3158 4568 9673
28 3692 5744 7248 98 982 1324 9647 4699 2558 2156 4104 8534 7394 3201 6683 5862 1163 5827 3959 8977 4212 5924 8092 9154 5618 9601 3120 901
35 6424 3160 150 9804 6034 1355 8030 4798 1412 7197 8486 1104 890 9077 4219 618 3137 8562 3895 2034 7616 3590 4487 2317 2761 7718 4534 6343 3084 7358 5753 9387 7615 9067 7527
32 8179 9685 4421 9947 3594 5069 4639 4541 8560 2924 883 4406 5380 134 7734 9221 1727 1606 9093 7056 3235 5869 6702 1398 3545 6998 4193 3836 3860 8098 7057 4124
31 489 6752 9385 8079 6601 5050 5169 4433 938 3267 3573 5519 4489 5704 5810 9092 8067 2572 5153 1122 7973 8355 5834 7801 6534 7244 5855 7976 325 8350 2210
18 6649 8021 5307 2787 7448 4756 7169 4528 2302 8633 1698 6837 4287 3716 9215 4510 1377 3617
34 3564 2838 9012 9382 7934 6537 3759 6098 5451 3673 5256 463 5569 8450 7823 5801 5958 9651 1289 2971 3823 8388 7447 3118 8381 4448 5940 6435 6214 7751 9241 6364 5266 6465
32 4687 6924 720 1233 9512 6101 9165 2377 1620 3798 7493 215 202 2417 8125 4569 8289 7886 217 4521 5945 6577 7419 8776 4146 2022 2877 3327 1141 9339 495 7182
19 1269 5517 1986 7442 2140 66 3482 1110 6744 2749 9491 3001 8206 5322 3113 6978 3238 5011 9711
27 5304 1593 3396 3445 8035 5279 2809 3811 65 4784 3251 5600 970 4547 487 9697 9578 8568 3283 195 3886 2064 2287 1127 5714 5179 4592
19 2941 8376 9011 9634 9477 529 767 872 8235 3956 9086 5630 7669 8455 8275 6723 2929 770 6242
15 5649 3468 7693 542 7422 9222 7508 3007 3672 3372 6386 512 9403 5513 3286
20 7640 6457 8574 7580 9251 6397 6432 2097 1103 110 5634 7055 9389 6291 1287 2098 392 1207 9796 5718
27 8102 6851 9631 3795 4115 5601 8882 4664 2260 2477 4884 4566 2479 83 7645 4440 8750 3763 5171 6382 4333 3917 7221 4668 2593 5895 3204
23 5598 1874 2209 9987 5486 6312 8242 5097 3908 9826 9989 1556 7262 9248 6092 3250 6057 2252 3274 58 7268 6768 1722
27 8406 6110 3947 8146 3666 6538 8504 907 1864 286 6727 4221 5909 694 6801 6306 4943 9308 9174 8107 2454 888 2746 7597 8106 3994 295
25 3693 1635 128 8816 8791 354 7816 3646 5070 2693 2599 7125 2990 7072 1926 1769 8931 8356 6668 5754 6015 831 8120 2276 8036
31 5716 2538 3129 3108 1729 1913 5241 4696 7274 2989 1069 6839 1980 518 2332 1042 2991 4237 9295 5215 4626 5469 7540 160 5773 6314 2623 3107 1226 5476 3745
31 297 9996 8207 665 5627 3054 9273 9481 5792 6041 4453 4628 9136 8009 6678 9055 5321 2344 145 6992 3002 4676 307 4611 9668 5446 6770 472 1082 6533 8847
25 3149 9852 6192 9297 7662 39 8413 1048 6699 6085 7743 72 8873 7605 6286 9812 9961 1806 8197 5142 1426 8411 5461 8939 5926
27 734 9137 5214 4228 9681 8876 2240 524 9229 928 9110 6414 4694 4529 3503 931 2331 2779 73 4239 4364 2764 7772 5854 6073 5046 1150
28 1888 9985 2881 5678 3636 9645 2556 9482 9810 3877 8960 2129 6083 3913 453 8584 1711 8828 2201 1712 7170 1661 4284 8304 1060 8137 4268 5055
31 29 4260 2642 5182 9164 1835 871 2108 254 2192 4892 4263 4942 2039 4106 8729 8498 9318 1243 2524 5768 9995 429 3551 7121 1851 2202 685 1740 8210 4013
21 6541 4537 1054 5732 6825 9392 6757 8798 2835 6708 6290 5042 8993 7006 9080 806 6763 4259 9688 2177 1327
25 9523 109 6756 4830 9751 4930 7643 1459 7659 8428 1603 5292 6940 2398 7797 9572 34 2483 45 2666 4165 8276 8959 6477 4374
30 7561 8435 1959 7787 5187 7785 6247 2291 2164 7145 2645 458 6602 6387 1671 4322 1167 1548 1360 4732 4982 6195 3348 8305 1156 8417 3189 5311 398 6227
28 311 8795 617 9475 8804 7745 8245 2439 3625 1217 8109 6205 2552 851 1717 4762 1296 3852 743 8479 9883 1303 8443 2002 1622 6748 79 3858
28 4379 5113 9602 9633 2338 6402 1553 9928 6121 9701 8620 9784 3846 4638 8763 1918 8704 1268 2405 2127 9955 6895 1987 1950 3987 5362 5758 8789
11 3988 1630 6804 4048 3750 7506 2583 2371 9555 7577 231
31 372 3596 9627 4826 1863 4615 5043 709 2045 1523 3946 2315 8481 5610 8539 9821 1672 490 4748 1151 7067 9841 5236 9600 1148 6448 108 7138 479 1813 4662
19 2695 9452 1970 2261 2799 5228 6896 9263 9133 9912 2035 2406 4343 4899 4138 5889 7002 2223 9430
15 1135 3767 2918 8709 4290 7402 2631 4434 51 9692 1808 5988 2427 5275 2152
21 3578 7113 4853 9038 582 5313 1854 2844 7755 3597 2517 5066 9661 7591 393 9088 9811 1454 6487 3589 8001
37 6706 4387 5996 9926 6474 7492 3232 9836 7569 3584 2874 3231 7231 5411 5005 3 9112 4903 7853 7598 2988 1856 1373 2803 1957 3407 9391 312 3244 3609 5198 3080 9786 5599 3856 3664 2114
24 3555 1372 200 9640 9795 8034 8546 2343 3340 4992 8969 2433 6628 941 2582 7279 9591 7566 5131 4925 1961 4813 9206 2165
20 84 7398 7314 35 7438 403 120 2270 5998 2104 8017 399 3948 6122 4198 6543 1457 9050 9598 9515
36 222 7198 3354 9769 7380 225 1745 9858 7515 9516 30 2366 6883 1029 9941 8833 8524 2205 3963 1920 7608 1469 8015 985 5898 9760 204 436 3884 2821 5399 2456 9552 6569 6872 8138
7 8640 7948 712 609 748 9396 9227
23 3253 6123 1588 9586 7382 4544 348 2857 8505 9167 6684 1394 2837 9460 4559 8048 7377 6892 3766 3180 9494 6911 1213
31 5769 9090 7546 4733 1175 4372 3958 2126 7729 9975 4767 5770 5305 7949 8746 2808 2438 1946 1493 9946 2419 5019 4933 9040 4952 4509 6355 1713 6595 8582 6221
14 3855 5991 5475 2743 5177 8522 4010 6844 1347 7951 3522 2853 1003 7714
22 3696 5815 106 7764 7830 5134 2468 4647 1531 9801 6376 3365 9807 162 4518 2575 5787 2474 1983 1972 2865 6470
9 3442 3990 8224 3921 3026 4659 896 4027 6285
23 9563 699 7379 4017 8220 7498 7562 1960 8547 5532 4092 1316 1533 2149 6100 8409 1329 5956 163 8891 4751 579 750
8 117 7993 368 4773 6129 5997 8810 3207
10 6412 7325 362 2488 9253 6943 1295 5458 5931 3825
19 7401 9402 4794 1240 164 8112 1902 6989 1168 1458 847 8237 8307 5999 4906 2768 5484 5186 2265
33 4855 8783 2293 6836 5957 8772 1557 6705 9710 8555 6956 3952 2867 1791 6915 6824 1041 9224 7321 4804 1889 9372 6276 9066 4283 5832 1144 983 9650 2487 4865 8002 4955
19 273 3147 8493 3799 5534 5101 4921 3031 2340 7583 5589 8875 3306 6531 8762 488 9642 7997 8131
18 4377 1407 9401 3991 3193 9843 2793 8525 1171 3361 80 1188 631 5489 3942 390 9533 8430
16 7013 9231 9767 1463 2413 6353 264 8483 5752 8218 5812 8226 1731 7590 4350 1052
9 3444 4984 7927 9349 174 3898 1576 6124 7938
32 3307 1609 2957 839 6764 8995 1263 1494 9505 9817 1431 7091 1715 2644 7653 2351 114 9683 4827 4187 3089 7774 2692 8256 6401 1462 8905 7496 4383 424 1001 7001
23 9707 6404 8370 3816 1386 9064 4643 6618 425 5099 8326 9479 742 5733 6588 6075 5151 5010 7878 4236 1419 4936 5953
18 5086 2297 9579 129 814 2396 9762 4381 1107 7105 5932 5521 4378 6979 8503 9025 664 6494
31 6263 5727 6155 1655 9464 3721 3102 6587 8631 3469 9322 8721 9026 5550 2285 7942 9618 3352 9125 2555 9036 8985 3728 221 7202 7154 9782 3627 8008 6241 966
10 6815 3918 7804 3536 855 4272 4412 1064 4022 181
29 5192 8024 1524 7737 6739 611 645 9466 9101 7301 3258 1930 196 8268 4843 592 5350 7497 576 1624 5 5432 8467 3175 3641 7977 1574 4542 8923
18 7429 8557 277 5777 172 7494 4986 5124 9346 4361 4678 7964 7888 4757 4922 792 7969 8371
16 4059 7687 6053 9105 1491 9738 6222 4532 6987 5306 4651 9758 6020 6583 1087 5415
33 2917 817 3989 199 4602 832 3778 1160 2948 8312 7381 1255 9330 6863 4232 6469 8491 2254 2003 9667 5200 8041 1083 1754 344 3561 3882 7416 7484 6881 1089 9196 6817
28 4078 8158 1564 2896 7208 3194 3181 5160 4031 7794 1282 3547 9994 5364 4710 8438 7327 4870 9170 3060 478 7646 1925 5178 2499 3637 7160 710
29 5860 19 8426 3073 4410 3047 6652 7162 3315 1004 2846 7392 9321 6513 9335 2906 6486 9060 2283 3472 351 5762 2096 2372 3335 7 2843 430 8558
8 8310 6502 8447 4207 2982 6024 2385 1880
28 6916 2603 5500 1640 2856 3220 2217 1311 7150 6297 1464 6138 6820 3406 9870 6754 5906 6726 5430 9582 5319 8286 7485 1362 504 6354 8308 4320
31 2883 2738 2975 9045 6021 1430 2984 9440 193 4293 4211 9298 7266 5692 2861 293 7273 2274 9386 2630 9455 1049 597 8114 4427 111 5964 2922 7833 8091 5586
22 2015 211 5426 6178 2141 8193 7502 5472 272 1072 3738 2995 5448 8052 6284 8032 6166 6988 619 3652 0 5821
31 8708 5218 6159 6265 2382 7246 1762 1746 6283 6367 7271 350 2931 1516 1395 5180 1782 8003 9244 4571 94 7306 9356 2826 5447 9903 4977 432 7241 9937 361
29 9888 4877 4194 655 5240 5917 942 2745 8523 1257 5564 6056 9073 6301 8616 6629 2213 6655 3161 3864 7089 5820 60 3140 9781 9448 2926 7011 8054
30 5445 5615 5006 1908 8093 2000 2919 3345 1521 5465 4924 6821 9407 2309 5167 2947 7966 8672 5132 7031 5378 3011 5328 4769 9616 5563 3134 9876 5443 5606
8 4601 6189 7428 2904 6634 3539 6644 8507
29 6670 9649 9469 318 313 7282 7457 5219 7724 1981 7341 4777 9917 3893 6565 1590 6337 4960 9959 2545 3385 9967 5641 4620 4780 1133 1397 9467 2669
33 7657 5213 4184 439 6903 4205 1509 2128 8296 8159 5824 7866 8807 683 2437 7507 7217 7802 6282 1432 5947 5488 9423 3309 4188 1490 8451 7623 9312 5294 8163 5760 4243
14 9752 1384 5890 4686 5158 6133 2543 4989 550 5247 1842 4301 8332 4108
27 1757 3197 965 3739 7882 8737 8585 5941 9474 9593 6262 7046 4893 9327 43 3801 1816 6553 1811 7697 6691 7509 1683 9794 2258 9865 2814
32 2571 1838 6239 135 2167 6305 1349 7344 6902 2921 843 2829 4125 5340 7529 4912 6167 4632 9665 5255 6055 6105 413 6637 8834 868 3106 7290 648 8078 1758 6917
30 9514 7864 8203 6942 2639 2997 141 560 5844 5835 862 3722 3999 4136 9630 4388 1618 5164 2496 6037 4743 721 4672 8196 6993 1826 9771 3571 1510 3264
25 1097 567 4112 3411 3915 8155 8642 9364 8263 599 8339 3432 3689 5763 6847 9594 2621 9245 2027 6388 632 182 3741 8215 1367
34 6002 3049 9412 4299 8991 4493 494 6593 7924 3474 7339 3121 3079 6810 3489 1094 8732 205 9415 3479 5585 9059 6688 8769 1822 7603 6373 6867 5591 9749 4142 6750 7565 3289
29 2720 9166 1251 6245 4245 7203 6719 9357 636 2272 7143 9444 1761 4902 7619 5963 752 179 5826 534 8474 1028 2050 1680 2820 1654 4308 7766 6761
28 5235 4873 8715 168 9289 2696 8938 4415 9992 9687 2065 8688 8649 6116 173 6149 7486 1451 7675 335 7200 548 7427 9129 3523 913 7168 1478
20 677 5971 5710 5757 417 4137 3038 2585 6893 990 23 3071 9269 5912 8369 1894 7303 4305 7393 4929
19 5497 3655 4833 533 2686 1245 9684 9234 8782 9539 7633 6680 8661 6610 6384 4553 8012 2253 8669
16 7475 7455 2523 3083 4250 5107 8379 6013 6672 1799 6905 6515 4337 869 7302 6060
7 4742 1883 4170 7430 856 2660 3848
12 3055 3311 1177 6425 3936 9848 3670 6624 7283 1118 2134 9309
9 1178 208 2578 9900 4838 9519 9451 8319 5003
19 7070 3005 2511 4153 9071 9199 3532 4270 9655 9980 280 2513 4550 1396 122 6816 9774 2960 6517
36 6822 2166 6951 9705 5511 330 531 2852 6359 8860 9623 8182 4675 3085 9542 7417 8127 9969 6091 8362 2757 7858 9551 6759 6651 2446 6878 8754 9115 2490 6731 3280 7943 4354 224 2508
21 2432 6654 4084 854 233 7630 3521 824 6027 8252 6798 7961 2871 4627 2716 4275 8589 8580 5130 9977 5020
27 1776 2079 8786 9252 8821 1650 4036 1017 4619 4514 3242 9204 460 3151 4313 4562 4083 3460 6779 8696 2985 6136 2704 4702 8613 6087 2586
25 1867 1784 8892 802 267 9037 5082 7558 6850 5211 8693 6682 8599 3187 3889 4508 7905 7696 571 9885 4446 5280 6919 5944 9176
34 3817 9733 9306 5285 5602 6526 1352 8761 969 6932 6179 7726 9838 7222 4988 2762 2068 9212 2712 6590 8495 8045 8660 8358 407 2347 1659 420 3125 1542 8612 2130 9970 5144
32 6663 8149 6304 718 8747 986 704 5374 5298 508 7691 1871 670 6974 5625 3660 4831 701 1124 5128 6406 9662 3822 8097 5950 2625 6294 759 7739 136 5449 7700
30 187 477 3773 615 3022 1106 7245 2802 4477 6460 342 6868 7610 3391 695 3736 7703 9235 4009 3243 3486 4670 4061 54 7083 5030 2408 8594 4716 7881
33 8175 6529 513 1830 6340 8191 7171 3785 9388 352 6103 2086 4121 3776 9237 9470 6846 1409 5098 2980 8600 7181 1112 5002 6781 593 1581 44 1290 1958 3514 3456 9507
7 1066 1227 7319 3200 2967 7211 7110
23 719 5352 4034 9964 230 6106 5473 7627 4746 959 6560 5639 745 2890 7821 9540 9200 2730 68 3412 3533 7257 8414
28 7109 1421 1474 9156 2220 3731 9361 5583 929 7914 5529 8136 4456 6488 1449 2268 2303 2232 5038 9615 3684 8619 9525 7053 8124 2864 5175 8870
21 519 2296 6786 7465 6550 9341 1346 9809 9177 8033 3765 4426 3691 4582 232 863 9337 6238 4700 8941 9131
30 4309 8489 4635 3544 4613 6398 4171 6380 6716 9612 7080 9324 8767 1310 8881 4560 7018 6906 4030 539 340 6028 1611 5392 8837 2847 1701 1366 2224 3528
34 7957 3579 4575 7666 7323 7710 1079 4713 2075 516 6345 9694 9934 1840 9103 5016 3828 5651 4234 1765 9310 9414 7644 3039 2262 1859 7214 5048 7673 4978 1120 9201 4018 2755
18 4525 2324 1778 3292 7106 4874 6728 2506 3359 771 2047 727 367 2067 5705 1586 5850 9990
11 4839 7186 8967 932 4231 5896 5224 4160 3929 3781 9677
16 9313 2424 6377 8819 6395 2066 8068 3312 9609 4522 3950 1312 6623 411 590 5791
25 4679 3119 3970 4356 7309 6379 4787 4167 3757 9884 2580 7791 1690 6234 213 9730 3195 9621 6935 3037 2503 8929 8606 8898 9374
16 3697 3849 8915 3114 9171 3802 8378 8719 8753 7855 1675 9502 6667 8982 6514 2936
23 7064 1674 4863 3615 415 8101 9232 4939 816 1051 8780 154 1535 2763 3447 1155 1216 8452 5434 7481 535 8636 2983
17 6656 8713 41 7874 8192 3809 2721 3000 4971 7044 2592 4216 9390 6212 7112 2770 1929
26 7293 8979 4080 6293 9897 6333 8244 5083 5061 4919 4486 4086 2350 8829 9943 5327 8577 3577 226 2013 4785 6775 3931 5361 421 3313
6 4475 6741 9927 4476 1403 465
18 5027 5332 2330 9001 7588 9844 8161 2462 6949 988 75 5121 4504 781 132 5811 962 9567
31 7188 2784 1267 3191 4806 7840 1369 4792 3648 1220 6067 6674 2037 6926 1767 1402 639 4235 7960 3610 1034 3023 2083 4265 4680 6827 2170 5162 6311 6795 1306
31 7709 3424 7637 951 8575 823 127 5193 1779 121 9789 4085 6203 9150 1307 1154 1229 2360 7340 3725 9344 9745 3109 3844 5745 2010 4976 9214 4790 5512 3619
30 1879 8277 3512 9042 422 7278 4880 1595 1429 6930 2842 7749 9022 991 7599 9400 2708 6938 3344 2001 7963 6275 7978 3771 9217 9960 3185 9499 8527 5697
23 6269 8774 5829 2245 4409 1215 5557 7176 1831 714 8725 3212 7547 186 5421 3353 500 5863 8632 229 8825 9690 2308
31 1794 3891 3263 2497 4938 5263 4607 156 876 9882 9141 6722 8911 8516 8811 4323 5694 6442 1130 2687 2102 5546 6511 5127 1385 9891 953 8684 3899 1359 6051
31 2828 1100 8835 4050 7277 671 3190 8116 9948 4819 137 9006 7237 1050 1357 6707 5367 9155 5490 288 1391 5789 6472 4447 5867 9041 2836 9371 6112 8526 3631
25 3410 271 8254 3398 4913 5100 7770 3044 4772 6830 9424 870 9788 4849 8887 5681 1361 6535 2182 1526 9332 3526 7261 9756 4432
9 4056 2928 3830 497 9527 9546 9394 6544 1452
28 6767 3104 3105 9654 2999 2482 7041 4300 244 7275 7857 8551 6730 1741 3748 2231 5655 3078 3553 6180 8065 7841 8230 2255 8999 3703 1602 8618
30 8698 4223 9543 4404 9116 169 4749 2160 2386 1098 397 5123 6838 3328 2933 3139 8692 4460 3980 6077 5761 6880 1919 9365 2638 2579 7338 26 1131 9476
7 6780 5510 8198 2305 9511 3433 2591
16 6418 5487 364 7153 3768 1383 4814 4391 4161 4444 1279 5493 6616 2609 1718 8947
32 8587 2520 2690 8219 4656 5584 5837 374 8827 9089 8901 2882 5481 5992 7331 4876 9958 3144 5196 9074 4917 5397 324 3957 8282 9818 5331 1653 8255 4909 1136 9577
27 554 3384 6536 266 2180 5375 7134 8018 4594 7614 8063 9376 8745 5320 8050 2226 2860 8676 858 4737 1481 6505 6019 9878 5788 5865 5173
25 113 5856 8157 9353 381 5428 708 5847 6416 9219 7148 3470 3009 1078 2834 4468 5786 2894 3911 5918 1356 4054 3719 3223 7038
22 2507 9087 7249 57 2041 2981 4944 3278 575 8906 3256 6572 4669 4252 8340 8162 1820 7238 3734 6991 5334 1300
26 2313 8323 502 2992 7685 100 8403 6805 6832 6925 7045 5386 4496 2400 4038 5309 6556 6047 8064 3788 9588 468 4548 2370 4005 2007
32 8564 3572 6711 1628 753 7479 4331 6279 2972 1639 5208 2909 7178 2390 8212 8933 5052 7582 9416 3805 7578 6841 9695 850 6869 7639 7717 5613 3529 6539 6032 9146
14 7716 8231 2700 7367 7264 6990 1903 5687 1726 7183 4324 7133 4273 6650
23 6607 9495 6922 5012 6927 8806 369 6161 1393 8334 581 7461 7505 2263 3399 2191 4998 7029 9608 1522 7681 9721 6063
10 3168 9459 6349 4199 9850 4923 5047 6918 9753 9573
5 5222 3202 7813 8722 3656
14 2176 3774 5570 4023 7918 4151 2976 4795 7163 6981 906 2914 3945 4622
14 6361 1734 8346 2056 2409 6580 1686 8272 2107 7075 389 4339 8201 4158
27 4098 7357 4665 1843 1685 9127 5713 7555 8510 9379 2057 5094 7298 1827 8813 6372 5980 5206 3806 1157 1435 4961 2342 3630 9331 6559 2300
10 7227 3246 6501 3902 8540 936 1939 6458 3172 7166
18 6694 7677 2973 9625 6985 9262 1256 9019 5190 7385 9197 7955 6310 4808 3041 1868 1341 8453
13 4586 9691 9890 8766 5351 9065 3760 5138 3505 7996 7818 7899 3402
13 2418 7671 5772 3744 9034 6436 7517 9797 6976 532 5790 5416 8171
31 9626 2791 3821 5712 8682 7663 3117 7466 5001 8401 4634 1800 8624 8590 9863 5032 8512 8135 6557 6050 373 861 4755 287 1990 1035 3792 3984 6233 20 2509
17 6633 1689 5920 4405 7548 1453 4617 886 9496 5076 1561 4317 4052 9465 4506 2908 9172
22 2774 4352 3338 9896 1470 4690 3772 5527 515 9718 250 4082 9509 8570 8913 6606 6715 7489 2839 2103 1247 8972
3 4066 2736 7376
27 1563 6066 461 6566 4561 6447 1387 4805 6308 8283 4565 6036 2688 9855 7868 9315 8946 9338 2080 49 859 1244 7831 9311 9747 343 1636
31 5902 5818 697 419 4705 4914 1294 5238 2969 2565 9192 7296 8177 6540 17 6289 3437 505 8680 4340 915 7378 4896 5242 6732 2334 6959 4479 4341 4841 1212
31 7318 315 3557 6703 8445 6643 8652 8981 2702 2248 7967 6642 9240 8917 8284 8335 3481 6303 3881 8604 7571 4674 9580 5431 3287 8482 5264 3218 7307 3880 8480
23 7229 5060 2782 656 4024 5952 9284 4249 9644 3323 5249 3593 7741 905 4175 1380 2339 9998 900 4983 8641 7756 5647
13 9411 4437 730 2425 9483 1744 3876 8270 2822 4242 7968 2251 3883
41 9901 3170 5205 4920 8856 3112 8298 7933 8062 979 7894 2179 2228 7865 8533 1368 4682 433 6858 7735 997 370 7177 6714 1932 2789 63 7254 4053 4081 6549 1076 8983 228 6586 5645 7450 7568 5637 1559 749
12 7468 8394 4517 5544 1878 4760 2030 3520 9120 5508 8964 6997
37 5245 2335 4875 846 7922 9576 2355 7513 2174 9226 6848 6696 8705 6861 887 9348 7292 4801 5357 2242 4845 570 4462 4598 4075 4251 9953 960 5784 5454 5233 9243 1301 1091 9635 455 3097
12 6160 9768 4867 4011 9798 8132 5897 2070 251 5467 7035 8943
31 8420 6877 1218 950 2663 4990 5579 8800 6865 7361 1203 5559 4825 7007 5548 9442 1818 8294 1621 334 7218 9162 899 8925 9432 1881 4905 4812 1293 1456 9766
18 8578 2480 8266 365 584 2796 2189 3756 28 1499 4727 3548 9984 1615 7744 8677 2227 4416
17 8675 8739 1221 9613 1381 2088 3678 5925 2725 2087 1607 8880 6766 2516 4348 1080 7049
17 7799 7451 5554 6029 483 761 6009 3729 3926 919 5283 9057 2307 3132 8948 6322 5665
17 7877 6735 7086 6842 7190 2751 8992 9699 5496 2092 5624 8240 5581 1495 4600 994 7649
31 9207 6493 9813 1904 1201 3502 2732 64 7941 252 4062 7654 2766 3509 7205 3550 7286 2532 9302 8039 4012 3074 614 7396 5246 1231 1506 4610 3434 4181 9532
35 580 4648 428 6000 2600 1884 559 7068 4244 1598 3127 484 5023 3241 2841 9490 3907 9239 3813 4660 1743 6157 5463 2014 3581 1484 5974 2727 3046 2138 2286 2280 5666 1242 3302
5 4788 8566 1200 2573 5891
16 9979 2436 2780 7085 9190 475 5853 1511 9132 1455 1710 1417 6120 3216 1844 3749
38 61 5990 2198 5566 1873 7034 6026 1232 2665 2753 3373 2966 3155 777 1643 3753 6038 1314 8360 2256 8689 7155 2012 7897 3668 3834 7839 1183 4215 4860 9094 4458 5643 764 2038 8701 1570 2840
32 8728 1090 3426 5892 1684 9610 8259 9742 3623 1660 9859 5188 6201 7220 9779 4970 6866 7098 9111 6117 6429 940 3206 7593 1617 5270 2136 7368 757 8797 8877 3643
31 8520 3029 8588 6984 6023 8412 5260 8229 5356 320 7164 7531 2996 7179 1750 8004 1058 503 5288 4574 8144 2647 8386 9932 746 690 7702 8169 7008 4040 2818
17 6039 4965 6605 3145 2461 7738 2081 4191 4148 8809 1824 6088 7390 1823 6271 5587 4671
10 3457 5359 2718 7854 6717 9203 4741 1935 1343 5408
31 741 8459 5025 448 7579 6967 4744 40 2622 893 7004 5880 5308 7542 2016 5000 3006 647 9982 386 834 3357 642 2301 7869 3642 669 8083 263 2659 1646
31 5381 2026 4673 511 5656 660 6089 8695 8164 821 9370 7334 249 9571 3141 2611 2561 7333 1405 9342 8287 7495 7694 8863 8005 7213 4579 9301 2502 4091 383
28 583 6740 2649 1 1733 7342 649 9228 7931 6451 6452 4533 9225 1753 3916 8241 6162 276 3519 5325 2378 9931 4315 5024 8336 4267 9834 5404
32 3025 2788 7631 6475 7174 9678 4966 9195 4724 9566 3157 7407 8928 3295 2375 9270 2612 1979 8436 8668 8465 4974 4254 2728 304 9145 149 1479 3015 2786 3347 7252
13 1353 4706 5983 8598 1616 4463 8183 4288 8405 3872 2606 1837 7953
29 8204 2426 6125 7337 102 9981 9846 1081 659 9837 3146 1584 2043 8007 9706 3714 8576 8476 1945 2155 6945 8716 416 7771 3762 828 7343 8874 8377
31 5406 2123 3603 9951 2333 2741 9842 1968 81 1716 4314 5708 8550 1345 3052 8779 6734 9368 2215 9053 3711 6687 5657 3720 5845 140 7151 7985 234 7980 3259
28 1528 7471 2681 9628 6567 7253 1613 8243 9641 7564 8864 2402 5317 1519 3979 9435 3582 878 9384 4169 6852 3034 4132 5115 5202 6158 8908 4846
10 8342 9544 4717 7149 4407 7101 6755 8886 7844 8000
31 8840 8699 5887 2235 1222 6648 5088 8300 7715 4714 3314 7573 536 133 6181 6581 4950 3955 6347 2150 5199 5274 6954 9898 911 1585 5935 1153 1446 9354 1569
18 268 400 3462 9757 9179 7732 1738 8990 147 7078 8111 1623 6046 4735 9443 3087 1633 6170
33 585 7704 6307 7602 7567 3680 1496 5913 4441 138 1787 9790 1179 5329 6366 4856 5908 50 5966 9181 7932 3198 9193 8537 6114 8625 1517 3095 6573 401 784 9638 8850
27 7141 8209 493 1252 5291 7019 7642 4828 52 1392 5163 624 2546 6897 4597 7454 7280 346 8904 7317 3683 555 6788 8683 1927 4823 1350
30 8395 902 4836 881 8542 8687 7920 2407 7077 1275 4549 1714 1597 6776 198 8126 9108 3171 8639 8818 6468 5677 1829 7251 441 8463 5596 9517 8884 7795
31 2020 8020 2118 1997 6856 378 4862 5087 2875 514 8444 6641 2089 2765 7626 6332 8359 3960 3401 4822 7728 3099 673 7544 4095 8712 804 9664 5230 2329 6613
13 5341 3608 9072 5525 1853 1789 6520 556 9210 8130 2337 8862 2169
18 957 3138 5017 1755 9202 4605 8694 4776 4677 4046 7453 5141 7863 8216 5549 9719 316 6439
31 2912 3758 4349 8653 2551 5622 2115 1504 2023 5323 3463 2729 6102 4552 4535 2236 347 1036 6671 6339 5079 9051 8460 6176 1825 2734 6890 5122 6104 3458 4157
17 3103 6849 4630 6128 8989 3663 1676 4163 2234 3225 6725 5037 1173 8519 4203 4799 5111
33 2986 2714 2657 2537 1792 1465 4854 6971 6188 6746 7680 1123 4073 9378 3981 3213 7462 9275 4464 9727 1291 4229 3563 5276 1704 3978 9323 9875 9014 3422 5474 6323 4319
31 7119 8104 1527 956 1508 9872 9761 6407 4130 8506 4491 2048 1012 9741 6253 678 4217 4878 6061 1770 6525 3888 1253 6709 3658 4480 7478 257 8070 3611 2029
12 1978 6747 9845 3840 2323 8951 3205 8968 5272 5118 6933 2851
29 157 1860 7648 6430 1365 7777 5962 6907 9659 5353 2341 1747 6043 7556 3379 1567 7887 4425 2616 7408 4303 8893 9307 5775 1848 4531 5555 2691 8738
25 4214 842 7638 4482 5593 5437 5959 1911 7440 37 3499 467 5080 1538 8778 1063 8011 5223 2094 7052 2389 8538 7733 6390 3562
25 4948 9503 780 9314 7692 7856 1436 8851 3710 1176 2021 7707 9153 528 2699 2872 654 7400 4701 7530 7079 131 6769 3679 6191
30 4346 7320 5295 5054 7759 8665 353 2314 799 9508 9114 3123 8544 1235 1283 9862 2534 2239 4122 158 4859 4488 9604 4747 9793 86 3518 8648 2032 247
28 55 4208 2401 2518 849 657 7762 4397 1944 2383 6375 2154 6785 6774 801 8593 5590 2733 2471 9991 2125 4367 8528 763 5542 4766 8942 2964
32 622 8586 6450 601 8796 376 8190 2173 9963 3862 3498 3896 8366 7806 2535 5981 414 5216 2739 1763 3996 2101 2701 3162 4631 6700 7024 3304 2289 6266 1732 5571
18 4842 4414 3362 5417 7750 4033 22 2607 5396 9894 4004 3937 8472 2131 1772 4580 4844 1088
21 8950 2748 2566 6413 3542 3057 2473 5553 7071 9126 5346 8046 4189 9446 6461 3871 2493 6701 6273 4649 1410
33 2576 3148 7406 3066 4141 7847 3513 5603 4206 7370 1008 130 7594 3450 8105 3316 8748 3894 6862 3796 9363 4280 9471 5638 517 3248 8205 2628 5438 4079 8278 5688 626
27 9216 2357 2455 1326 8831 908 8160 4821 6235 8545 1016 5739 9017 1196 4946 1673 6281 2569 9413 5594 4442 1483 7842 447 7906 5538 6870
22 4143 1803 2184 5725 5670 6920 8099 5556 363 6947 6506 2146 4176 236 755 9814 2046 4126 5707 8808 2618 8154
27 4494 7553 8440 4003 4065 3905 3308 4654 8916 3182 889 5482 6996 5910 4513 3282 185 2792 652 1404 341 525 4269 4563 4886 5661 1084
36 5885 2641 2626 9144 5212 596 2181 8188 5576 6081 3909 987 9000 6437 2281 319 8470 2153 5904 5073 2955 1165 7099 5986 1401 2282 4612 6673 2637 2650 1658 637 143 5551 3791 5108
27 4150 6658 6208 4029 5690 2652 3930 1297 8820 7796 5523 8764 2159 732 1566 5168 964 2328 6142 6256 2475 5363 3488 2492 9488 5960 8543
21 7399 8055 7975 5955 5779 5371 6980 2484 7895 7828 2685 1665 2161 1043 6317 8013 729 1086 9004 3863 6944
28 8962 726 4815 3966 2952 8671 4958 826 3165 6426 5074 1389 1424 5268 7352 5326 6131 1068 3953 4182 9398 2795 9147 7476 8980 9703 747 9281
18 4637 7329 248 5816 5662 4403 9458 6163 8644 1246 486 1333 452 9024 5726 1261 2312 7625
17 4090 6329 9556 1260 2825 9134 7043 4006 3297 8885 2521 3010 1901 1936 2858 8770 2848
25 6115 789 8784 5888 6438 5453 9158 1768 3624 7267 4128 6344 9183 8842 703 8233 798 2759 787 1849 3012 431 1887 2441 4186
16 9799 8458 209 5621 2178 3364 1985 4588 5597 7596 3098 6300 2145 6995 2544 9916
29 768 5746 5535 95 6771 9130 6762 9272 3394 3476 3556 543 924 8475 8143 5314 8844 5217 5355 3363 7736 5126 9343 4000 1238 9614 9993 5390 4292
16 3654 5284 5502 7195 5807 4306 7308 3831 4754 8515 3240 8202 7720 9005 9178 1705
11 5717 7210 4507 9954 788 7722 5342 4641 7437 9606 795
35 9084 9128 5771 6012 4658 6814 8118 7730 930 175 4623 9054 1461 3606 4055 7389 4279 1876 2062 3961 5522 7998 7706 9009 574 6175 9124 7423 7051 3492 6968 8372 4759 3712 7201
35 7956 1013 8902 4016 4957 3493 1441 6597 379 6808 2959 8492 689 260 4276 9592 3599 7541 5767 903 6267 7240 9590 8295 6941 8076 5731 9942 6045 3369 9669 246 4399 1318 9860
12 2559 4583 5480 6154 5927 8867 1795 9936 8053 7289 3612 5225
8 7952 627 3510 1399 5813 3965 4554 5652
17 9140 7129 9255 7196 9763 5081 7336 8757 8145 7983 2219 3427 395 653 7215 4042 142
15 1105 1111 7284 25 9149 6383 866 9258 1536 2961 5536 3922 5798 7111 2271
25 5693 1024 5425 8614 2464 7477 3839 9889 7081 5879 6909 9441 3454 6743 4625 5166 7819 7107 6030 3446 4809 815 7500 426 835
19 1040 1651 6003 9925 7291 7890 7247 2369 2091 1390 644 7611 7946 9971 9369 4041 410 616 9013
33 5424 6135 8328 498 4396 6048 8742 2404 7456 4969 5684 2910 7727 2740 7351 2051 7549 7871 7012 2085 6001 4740 3449 1520 6194 8781 9257 9986 4945 3535 4987 9887 8301
33 5868 9052 9559 5686 7193 7364 7411 1169 949 8316 1166 1907 8963 5262 9213 1145 3299 3939 7551 3700 8812 1572 981 3150 5755 8172 1638 7660 3014 1185 9198 2148 8957
21 9449 2132 9949 772 5809 8239 4840 6833 1921 1450 9835 1033 4051 1162 1321 8139 7228 8838 2816 6524 6093
32 375 4428 245 4720 9871 2077 6182 552 2434 2044 3524 2810 388 698 8344 7285 7661 3538 6704 2859 5607 4118 4492 8066 5354 7606 8166 5065 5836 4240 8044 3633
30 474 4546 1121 6338 6058 3583 9209 5344 5452 9238 8293 2694 5929 6975 5729 4289 5611 8400 591 8531 4389 6891 8714 1759 4688 8907 1077 3111 2055 8195
30 6198 2536 9965 9485 9743 9457 3215 177 691 4858 2898 8691 8446 4499 1967 527 7363 4915 6478 4114 2162 605 4589 265 3681 2953 9439 6433 9589 3324
32 4307 8484 7117 9744 6523 6196 6272 6784 3793 5702 5995 3211 7900 7384 9421 8140 2596 9929 7137 4573 2469 5229 4466 323 8468 7991 8879 3310 6507 5720 3153 3618
23 3869 3257 1010 8823 3565 8128 6261 4123 6082 8686 9632 2393 5289 9734 2722 740 4591 3266 6977 4190 8571 5471 5841
20 9325 3651 6669 7554 8085 9135 300 178 6579 1309 4398 310 7359 7995 9787 301 790 5035 811 1230
21 7040 7108 6630 5394 6857 6211 6939 7592 4523 7003 1917 4999 1358 3337 1663 9775 3400 3591 5407 5286 3569
6 6807 8736 1030 3490 4657 4887
32 3371 5743 4109 3632 2442 9832 2613 2320 9952 5310 5700 387 6713 3992 4985 7403 6829 5852 1964 6215 4816 4715 8393 7084 4926 2775 4967 8707 107 5774 78 8119
36 4435 3208 3317 4064 6316 32 6584 8273 91 8970 967 6751 7624 6619 3285 7650 7798 7939 9218 3674 8822 6720 8894 6341 6010 6464 3413 7742 5942 6789 4729 7281 9417 4296 2273 6632
16 713 1406 9282 8536 7434 1845 4063 8996 4981 7793 151 5154 3027 4850 9740 2376
15 6831 3358 8345 9367 4168 6675 8899 4797 2624 8222 2196 5159 1976 7460 9716
19 6695 3540 3910 8285 5620 7464 3330 9957 253 7030 5419 4551 3059 8380 336 845 2940 4049 5149
32 9393 658 661 5516 1963 5650 2771 6422 5803 3675 396 4247 6677 8815 5872 4429 7788 7651 2024 8141 9279 1571 1351 6183 1174 7832 197 7526 4817 1614 1641 6278
6 6901 4693 2147 4629 1817 2049
16 1543 1323 6410 3199 2754 4070 2533 6086 281 5640 480 3020 2133 3349 5423 5348
19 8518 1170 4467 7483 3404 6923 2560 201 3234 7930 9597 1893 5072 9454 9277 3378 566 2862 5848
14 4618 1414 2711 565 3058 5783 2059 6280 4256 74 4857 2346 6441 464
26 3167 7889 608 4807 9450 922 3477 921 5861 8288 3751 4898 9506 6483 7656 5139 5195 8060 3419 5509 6108 322 7073 3687 1642 5501
36 700 9347 9320 7255 3885 6446 992 9276 1182 1700 118 1752 8148 1612 2713 9778 1834 1748 3487 1604 7536 4357 5805 3706 3183 2855 3837 9266 1974 7297 6631 9168 59 9776 8690 6096
29 3156 2233 9267 7867 7698 3789 9068 4384 3622 8956 4302 7712 6571 4365 6134 594 9293 1648 6554 6972 3383 9521 783 9296 2157 9714 8327 4771 2724
32 9305 3236 3461 8410 1601 8187 2033 4099 2275 715 9478 9968 2151 8431 3101 4096 223 8935 2943 3004 5257 38 5277 3226 8322 7233 3275 5545 7820 7758 1191 9536
28 2949 7156 6164 5699 6352 6076 1721 3859 8026 2938 947 4443 6326 2084 5258 3704 5614 2387 4342 3587 5989 8281 4516 6217 926 4911 4490 8022
24 4058 7230 3188 5711 6647 8038 6898 1448 6970 1337 9939 9175 5462 1578 3968 7295 8165 9173 7898 5842 9461 6302 638 2200
16 7929 9473 3334 9702 9923 1239 9075 8869 459 1433 3752 4979 5039 9079 4329 722
17 769 8029 4164 2605 4020 6357 2171 1480 8645 4014 2737 6625 2850 9879 6608 3650 8330
11 88 1447 892 1804 3614 2486 1129 8541 6819 4803 2845